lr4/build/app/intermediates/proguard-rules/release/aapt_rules.txt
# Referenced at merged_manifests/release/AndroidManifest.xml:16
-keep class androidx.core.app.CoreComponentFactory { <init>(); }
# Referenced at merged_manifests/release/AndroidManifest.xml:16
-keep class androidx.multidex.MultiDexApplication { <init>(); }
# Referenced at merged_manifests/release/AndroidManifest.xml:34
-keep class com.example.lr4.EmbeddingV1Activity { <init>(); }
# Referenced at merged_manifests/release/AndroidManifest.xml:68
-keep class com.google.android.gms.common.api.GoogleApiActivity { <init>(); }
# Referenced at merged_manifests/release/AndroidManifest.xml:46
-keep class com.google.firebase.components.ComponentDiscoveryService { <init>(); }
# Referenced at merged_manifests/release/AndroidManifest.xml:73
-keep class com.google.firebase.provider.FirebaseInitProvider { <init>(); }
# Referenced at merged_manifests/release/AndroidManifest.xml:21
-keep class io.flutter.embedding.android.FlutterActivity { <init>(); }