lr4/build/app/outputs/mapping/release/mapping.txt
# compiler: R8
# compiler_version: 1.5.69
# min_api: 16
# pg_map_id: 21006d1
...
com.google.android.gms.common.api.internal.zaab -> com.google.android.gms.common.api.internal.h:
    java.util.Map zafk -> a
    java.util.Map zafl -> b
    void zaa(boolean,com.google.android.gms.common.api.Status) -> a
    boolean zaag() -> a
    void zaah() -> b
    void zaai() -> c
com.google.android.gms.common.api.internal.zaae -> com.google.android.gms.common.api.internal.i:
com.google.android.gms.common.api.internal.zaaf -> com.google.android.gms.common.api.internal.j:
    com.google.android.gms.common.api.internal.zai zafq -> a
    com.google.android.gms.tasks.TaskCompletionSource zafr -> b
    com.google.android.gms.tasks.TaskCompletionSource zaal() -> a
    com.google.android.gms.common.api.internal.zai zak() -> b
com.google.android.gms.common.api.internal.zab -> com.google.android.gms.common.api.internal.k:
    com.google.android.gms.common.api.Status zaa(android.os.RemoteException) -> a
    void zaa(com.google.android.gms.common.api.Status) -> a
    void zaa(com.google.android.gms.common.api.internal.GoogleApiManager$zaa) -> a
    void zaa(com.google.android.gms.common.api.internal.zaab,boolean) -> a
    void zaa(java.lang.RuntimeException) -> a
    com.google.android.gms.common.api.Status zab(android.os.RemoteException) -> b
com.google.android.gms.common.api.internal.zabi -> com.google.android.gms.common.api.internal.l:
    com.google.android.gms.common.api.internal.GoogleApiManager zaim -> a
    void onBackgroundStateChanged(boolean) -> a
com.google.android.gms.common.api.internal.zabj -> com.google.android.gms.common.api.internal.m:
    com.google.android.gms.common.api.internal.GoogleApiManager$zaa zaiy -> d
com.google.android.gms.common.api.internal.zabk -> com.google.android.gms.common.api.internal.n:
    com.google.android.gms.common.api.internal.GoogleApiManager$zaa zaiy -> d
com.google.android.gms.common.api.internal.zabm -> com.google.android.gms.common.api.internal.o:
    com.google.android.gms.common.api.internal.GoogleApiManager$zaa zaiy -> a
    void onSignOutComplete() -> a
com.google.android.gms.common.api.internal.zabn -> com.google.android.gms.common.api.internal.p:
    com.google.android.gms.common.api.internal.zabm zaja -> d
com.google.android.gms.common.api.internal.zabo -> com.google.android.gms.common.api.internal.q:
    com.google.android.gms.common.api.internal.GoogleApiManager$zac zajg -> e
    com.google.android.gms.common.ConnectionResult zaiz -> d
com.google.android.gms.common.api.internal.zabv -> com.google.android.gms.common.api.internal.r:
    com.google.android.gms.common.api.internal.zab zajr -> a
    com.google.android.gms.common.api.GoogleApi zajt -> c
    int zajs -> b
com.google.android.gms.common.api.internal.zabw -> com.google.android.gms.common.api.internal.s:
    com.google.android.gms.common.api.internal.UnregisterListenerMethod zajy -> b
    com.google.android.gms.common.api.internal.RegisterListenerMethod zajx -> a
com.google.android.gms.common.api.internal.zac -> com.google.android.gms.common.api.internal.t:
    com.google.android.gms.common.Feature[] zab(com.google.android.gms.common.api.internal.GoogleApiManager$zaa) -> b
    boolean zac(com.google.android.gms.common.api.internal.GoogleApiManager$zaa) -> c